c:\users\sergio\source\repos\project1 - sergio torres\project1 - sergio torres\debug\vc141.pdb
c:\users\sergio\source\repos\project1 - sergio torres\project1 - sergio torres\debug\vc141.idb
c:\users\sergio\source\repos\project1 - sergio torres\project1 - sergio torres\debug\studenttest.obj
c:\users\sergio\source\repos\project1 - sergio torres\project1 - sergio torres\debug\student.obj
c:\users\sergio\source\repos\project1 - sergio torres\project1 - sergio torres\debug\records.obj
c:\users\sergio\source\repos\project1 - sergio torres\project1 - sergio torres\debug\recordstest.obj
c:\users\sergio\source\repos\project1 - sergio torres\project1 - sergio torres\debug\persontest.obj
c:\users\sergio\source\repos\project1 - sergio torres\project1 - sergio torres\debug\person.obj
c:\users\sergio\source\repos\project1 - sergio torres\project1 - sergio torres\debug\main.obj
c:\users\sergio\source\repos\project1 - sergio torres\project1 - sergio torres\debug\coursetest.obj
c:\users\sergio\source\repos\project1 - sergio torres\project1 - sergio torres\debug\course.obj
c:\users\sergio\source\repos\project1 - sergio torres\project1 - sergio torres\debug\testfunc.obj
c:\users\sergio\source\repos\project1 - sergio torres\project1 - sergio torres\debug\func.obj
c:\users\sergio\source\repos\project1 - sergio torres\debug\project1 - sergio torres.exe
c:\users\sergio\source\repos\project1 - sergio torres\debug\project1 - sergio torres.ilk
c:\users\sergio\source\repos\project1 - sergio torres\debug\project1 - sergio torres.pdb
c:\users\sergio\source\repos\project1 - sergio torres\project1 - sergio torres\debug\project1.2f64dc5b.tlog\cl.command.1.tlog
c:\users\sergio\source\repos\project1 - sergio torres\project1 - sergio torres\debug\project1.2f64dc5b.tlog\cl.read.1.tlog
c:\users\sergio\source\repos\project1 - sergio torres\project1 - sergio torres\debug\project1.2f64dc5b.tlog\cl.write.1.tlog
c:\users\sergio\source\repos\project1 - sergio torres\project1 - sergio torres\debug\project1.2f64dc5b.tlog\link.command.1.tlog
c:\users\sergio\source\repos\project1 - sergio torres\project1 - sergio torres\debug\project1.2f64dc5b.tlog\link.read.1.tlog
c:\users\sergio\source\repos\project1 - sergio torres\project1 - sergio torres\debug\project1.2f64dc5b.tlog\link.write.1.tlog
